Wed Jan 09 2019 17:08:33 GMT+0530 (India Standard Time) : GET /
Wed Jan 09 2019 17:08:42 GMT+0530 (India Standard Time) : GET /
Wed Jan 09 2019 17:08:43 GMT+0530 (India Standard Time) : GET /bad
Wed Jan 09 2019 17:11:02 GMT+0530 (India Standard Time) : GET /
Wed Jan 09 2019 17:11:05 GMT+0530 (India Standard Time) : GET /about
Wed Jan 09 2019 17:11:08 GMT+0530 (India Standard Time) : GET /bad
Wed Jan 09 2019 17:11:11 GMT+0530 (India Standard Time) : GET /
Wed Jan 09 2019 17:35:02 GMT+0530 (India Standard Time) : GET /main
Wed Jan 09 2019 17:35:26 GMT+0530 (India Standard Time) : GET /main
Wed Jan 09 2019 17:35:35 GMT+0530 (India Standard Time) : GET /main
Wed Jan 09 2019 17:37:45 GMT+0530 (India Standard Time) : GET /main
Wed Jan 09 2019 17:37:56 GMT+0530 (India Standard Time) : GET /main
Wed Jan 09 2019 17:40:44 GMT+0530 (India Standard Time) : GET /main
Wed Jan 09 2019 17:40:48 GMT+0530 (India Standard Time) : GET /
Wed Jan 09 2019 17:40:58 GMT+0530 (India Standard Time) : GET /about
Wed Jan 09 2019 17:41:35 GMT+0530 (India Standard Time) : GET /about
Wed Jan 09 2019 20:24:03 GMT+0530 (India Standard Time) : GET /
Wed Jan 09 2019 20:24:03 GMT+0530 (India Standard Time) : GET /favicon.ico
Wed Jan 09 2019 20:24:13 GMT+0530 (India Standard Time) : GET /public
Wed Jan 09 2019 20:24:23 GMT+0530 (India Standard Time) : GET /public/home.hbs
Wed Jan 09 2019 20:27:06 GMT+0530 (India Standard Time) : GET /help.html
Wed Jan 09 2019 20:27:26 GMT+0530 (India Standard Time) : GET /help.html
Wed Jan 09 2019 20:27:33 GMT+0530 (India Standard Time) : GET /help.html
Wed Jan 09 2019 20:35:52 GMT+0530 (India Standard Time) : GET /help.html
Thu Jan 10 2019 00:32:59 GMT+0530 (India Standard Time) : GET /
Thu Jan 10 2019 00:32:59 GMT+0530 (India Standard Time) : GET /favicon.ico
Thu Jan 10 2019 00:33:05 GMT+0530 (India Standard Time) : GET /about
Thu Jan 10 2019 00:33:05 GMT+0530 (India Standard Time) : GET /favicon.ico
Thu Jan 10 2019 00:36:53 GMT+0530 (India Standard Time) : GET /about
Thu Jan 10 2019 00:36:54 GMT+0530 (India Standard Time) : GET /favicon.ico
Thu Jan 10 2019 00:40:05 GMT+0530 (India Standard Time) : GET /
Thu Jan 10 2019 00:40:06 GMT+0530 (India Standard Time) : GET /about
Thu Jan 10 2019 00:40:07 GMT+0530 (India Standard Time) : GET /bad
Thu Jan 10 2019 00:40:09 GMT+0530 (India Standard Time) : GET /
Thu Jan 10 2019 00:40:10 GMT+0530 (India Standard Time) : GET /about
Thu Jan 10 2019 00:40:10 GMT+0530 (India Standard Time) : GET /
Thu Jan 10 2019 00:40:11 GMT+0530 (India Standard Time) : GET /about
Thu Jan 10 2019 00:40:11 GMT+0530 (India Standard Time) : GET /
Thu Jan 10 2019 00:40:12 GMT+0530 (India Standard Time) : GET /about
Thu Jan 10 2019 00:47:24 GMT+0530 (India Standard Time) : GET /
Thu Jan 10 2019 00:47:26 GMT+0530 (India Standard Time) : GET /about
Thu Jan 10 2019 00:47:27 GMT+0530 (India Standard Time) : GET /
Thu Jan 10 2019 00:47:28 GMT+0530 (India Standard Time) : GET /about
Thu Jan 10 2019 00:47:30 GMT+0530 (India Standard Time) : GET /about
Thu Jan 10 2019 00:47:31 GMT+0530 (India Standard Time) : GET /
Thu Jan 10 2019 00:47:33 GMT+0530 (India Standard Time) : GET /bad
Thu Jan 10 2019 00:47:37 GMT+0530 (India Standard Time) : GET /
Thu Jan 10 2019 00:47:38 GMT+0530 (India Standard Time) : GET /bad
